  test1.cpp
D:\uet\Kiểm thử\KiemThu\KiemThu\test1.cpp(7,1): warning C4566: character represented by universal-character-name '\u1EC3' cannot be represented in the current code page (1252)
  (compiling source file '/test1.cpp')
  
D:\uet\Kiểm thử\KiemThu\KiemThu\test1.cpp(7,1): warning C4566: character represented by universal-character-name '\u1EED' cannot be represented in the current code page (1252)
  (compiling source file '/test1.cpp')
  
D:\uet\Kiểm thử\KiemThu\KiemThu\test1.cpp(8,5): warning C4566: character represented by universal-character-name '\u1EC3' cannot be represented in the current code page (1252)
  (compiling source file '/test1.cpp')
  
D:\uet\Kiểm thử\KiemThu\KiemThu\test1.cpp(8,5): warning C4566: character represented by universal-character-name '\u1EED' cannot be represented in the current code page (1252)
  (compiling source file '/test1.cpp')
  
D:\uet\Kiểm thử\KiemThu\KiemThu\test1.cpp(12,1): warning C4566: character represented by universal-character-name '\u1EC3' cannot be represented in the current code page (1252)
  (compiling source file '/test1.cpp')
  
D:\uet\Kiểm thử\KiemThu\KiemThu\test1.cpp(12,1): warning C4566: character represented by universal-character-name '\u1EED' cannot be represented in the current code page (1252)
  (compiling source file '/test1.cpp')
  
D:\uet\Kiểm thử\KiemThu\KiemThu\test1.cpp(13,5): warning C4566: character represented by universal-character-name '\u1EC3' cannot be represented in the current code page (1252)
  (compiling source file '/test1.cpp')
  
D:\uet\Kiểm thử\KiemThu\KiemThu\test1.cpp(13,5): warning C4566: character represented by universal-character-name '\u1EED' cannot be represented in the current code page (1252)
  (compiling source file '/test1.cpp')
  
D:\uet\Kiểm thử\KiemThu\KiemThu\test1.cpp(14,5): warning C4566: character represented by universal-character-name '\u1EC3' cannot be represented in the current code page (1252)
  (compiling source file '/test1.cpp')
  
D:\uet\Kiểm thử\KiemThu\KiemThu\test1.cpp(14,5): warning C4566: character represented by universal-character-name '\u1EED' cannot be represented in the current code page (1252)
  (compiling source file '/test1.cpp')
  
D:\uet\Kiểm thử\KiemThu\KiemThu\test1.cpp(15,5): warning C4566: character represented by universal-character-name '\u1EC3' cannot be represented in the current code page (1252)
  (compiling source file '/test1.cpp')
  
D:\uet\Kiểm thử\KiemThu\KiemThu\test1.cpp(15,5): warning C4566: character represented by universal-character-name '\u1EED' cannot be represented in the current code page (1252)
  (compiling source file '/test1.cpp')
  
D:\uet\Kiểm thử\KiemThu\KiemThu\test1.cpp(16,5): warning C4566: character represented by universal-character-name '\u1EC3' cannot be represented in the current code page (1252)
  (compiling source file '/test1.cpp')
  
D:\uet\Kiểm thử\KiemThu\KiemThu\test1.cpp(16,5): warning C4566: character represented by universal-character-name '\u1EED' cannot be represented in the current code page (1252)
  (compiling source file '/test1.cpp')
  
D:\uet\Kiểm thử\KiemThu\KiemThu\test1.cpp(17,5): warning C4566: character represented by universal-character-name '\u1EC3' cannot be represented in the current code page (1252)
  (compiling source file '/test1.cpp')
  
D:\uet\Kiểm thử\KiemThu\KiemThu\test1.cpp(17,5): warning C4566: character represented by universal-character-name '\u1EED' cannot be represented in the current code page (1252)
  (compiling source file '/test1.cpp')
  
D:\uet\Kiểm thử\KiemThu\KiemThu\test1.cpp(21,1): warning C4566: character represented by universal-character-name '\u1EC3' cannot be represented in the current code page (1252)
  (compiling source file '/test1.cpp')
  
D:\uet\Kiểm thử\KiemThu\KiemThu\test1.cpp(21,1): warning C4566: character represented by universal-character-name '\u1EED' cannot be represented in the current code page (1252)
  (compiling source file '/test1.cpp')
  
D:\uet\Kiểm thử\KiemThu\KiemThu\test1.cpp(22,5): warning C4566: character represented by universal-character-name '\u1EC3' cannot be represented in the current code page (1252)
  (compiling source file '/test1.cpp')
  
D:\uet\Kiểm thử\KiemThu\KiemThu\test1.cpp(22,5): warning C4566: character represented by universal-character-name '\u1EED' cannot be represented in the current code page (1252)
  (compiling source file '/test1.cpp')
  
D:\uet\Kiểm thử\KiemThu\KiemThu\test1.cpp(23,5): warning C4566: character represented by universal-character-name '\u1EC3' cannot be represented in the current code page (1252)
  (compiling source file '/test1.cpp')
  
D:\uet\Kiểm thử\KiemThu\KiemThu\test1.cpp(23,5): warning C4566: character represented by universal-character-name '\u1EED' cannot be represented in the current code page (1252)
  (compiling source file '/test1.cpp')
  
D:\uet\Kiểm thử\KiemThu\KiemThu\test1.cpp(24,5): warning C4566: character represented by universal-character-name '\u1EC3' cannot be represented in the current code page (1252)
  (compiling source file '/test1.cpp')
  
D:\uet\Kiểm thử\KiemThu\KiemThu\test1.cpp(24,5): warning C4566: character represented by universal-character-name '\u1EED' cannot be represented in the current code page (1252)
  (compiling source file '/test1.cpp')
  
D:\uet\Kiểm thử\KiemThu\KiemThu\test1.cpp(25,5): warning C4566: character represented by universal-character-name '\u1EC3' cannot be represented in the current code page (1252)
  (compiling source file '/test1.cpp')
  
D:\uet\Kiểm thử\KiemThu\KiemThu\test1.cpp(25,5): warning C4566: character represented by universal-character-name '\u1EED' cannot be represented in the current code page (1252)
  (compiling source file '/test1.cpp')
  
  KiemThu.vcxproj -> D:\uet\Kiểm thử\KiemThu\x64\Debug\KiemThu.exe
